2013/12/12 23:41:34 [info] [system.*] login
2013/12/12 23:42:49 [info] [system.*] login
2013/12/12 23:52:31 [info] [system.*] lion создал запись: лев
2013/12/12 23:54:14 [info] [system.*] lion обновил запись: лев2
2013/12/12 23:56:04 [info] [system.*] lion удалил запись: лев2
2013/12/13 00:01:36 [info] [system.*] lion оставил комментарий. 
2013/12/13 00:14:57 [info] [system.*] lion оставил комментарий. 
2013/12/13 00:20:50 [info] [system.*] lion оставил комментарий. 
2013/12/13 00:23:54 [info] [system.*] удалил комментарий.
2013/12/13 00:24:29 [info] [system.*] lionудалил комментарий.
2013/12/13 00:25:08 [info] [system.*] bearзашел на сайт.
2013/12/13 01:47:52 [info] [system.*] bear оставил комментарий. 
2013/12/13 01:48:03 [info] [system.*] bear оставил комментарий. 
2013/12/13 02:32:18 [info] [system.*] lion зашел на сайт.
2013/12/13 02:32:36 [info] [system.*] bear зашел на сайт.
2013/12/13 02:32:58 [info] [system.*] lion зашел на сайт.
2013/12/13 02:33:06 [info] [system.*] bear удалил комментарий.
2013/12/13 02:33:33 [info] [system.*] bear удалил комментарий.
2013/12/13 02:33:59 [info] [system.*] lion удалил комментарий.
2013/12/13 02:35:18 [info] [system.*] bear удалил комментарий.
2013/12/13 02:37:46 [info] [system.*] lion оставил комментарий. 
2013/12/13 02:37:50 [info] [system.*] lion оставил комментарий. 
2013/12/13 02:39:37 [info] [system.*] lion удалил комментарий.
2013/12/13 02:40:13 [info] [system.*] lion оставил комментарий. 
2013/12/13 02:40:17 [info] [system.*] lion оставил комментарий. 
2013/12/13 02:40:22 [info] [system.*] lion оставил комментарий. 
2013/12/13 02:41:45 [info] [system.*] lion оставил комментарий. 
2013/12/13 02:41:53 [info] [system.*] lion удалил комментарий.
2013/12/13 03:10:26 [info] [system.*] lion оставил комментарий. 
2013/12/13 03:11:13 [info] [system.*] lion удалил комментарий.
2013/12/13 03:14:00 [info] [system.*] lion оставил комментарий. 
2013/12/13 03:14:05 [info] [system.*] lion оставил комментарий. 
2013/12/13 03:14:09 [info] [system.*] lion оставил комментарий. 
2013/12/13 03:14:13 [info] [system.*] lion удалил комментарий.
2013/12/13 03:15:40 [info] [system.*] lion удалил комментарий.
2013/12/13 03:16:14 [info] [system.*] lion удалил комментарий.
2013/12/13 03:22:03 [info] [system.*] lion удалил комментарий.
2013/12/13 03:22:14 [info] [system.*] lion оставил комментарий. 
2013/12/13 03:23:12 [info] [system.*] lion удалил комментарий.
2013/12/13 03:23:43 [info] [system.*] lion удалил комментарий.
2013/12/13 03:23:50 [info] [system.*] lion оставил комментарий. 
